[20:15:14] [Server thread/INFO]: Starting minecraft server version 1.10.2
[20:15:14] [Server console handler/ERROR]: Exception handling console input
java.io.IOException: The handle is invalid
	at java.io.FileInputStream.readBytes(Native Method) ~[?:1.8.0_131]
	at java.io.FileInputStream.read(Unknown Source) ~[?:1.8.0_131]
	at java.io.BufferedInputStream.read1(Unknown Source) ~[?:1.8.0_131]
	at java.io.BufferedInputStream.read(Unknown Source) ~[?:1.8.0_131]
	at sun.nio.cs.StreamDecoder.readBytes(Unknown Source) ~[?:1.8.0_131]
	at sun.nio.cs.StreamDecoder.implRead(Unknown Source) ~[?:1.8.0_131]
	at sun.nio.cs.StreamDecoder.read(Unknown Source) ~[?:1.8.0_131]
	at java.io.InputStreamReader.read(Unknown Source) ~[?:1.8.0_131]
	at java.io.BufferedReader.fill(Unknown Source) ~[?:1.8.0_131]
	at java.io.BufferedReader.readLine(Unknown Source) ~[?:1.8.0_131]
	at java.io.BufferedReader.readLine(Unknown Source) ~[?:1.8.0_131]
	at net.minecraft.server.dedicated.DedicatedServer$2.run(DedicatedServer.java:101) [ld$2.class:?]
[20:21:55] [Server thread/INFO]: Loading properties
[20:21:55] [Server thread/INFO]: Default game type: SURVIVAL
[20:21:55] [Server thread/INFO]: Generating keypair
[20:21:55] [Server thread/INFO]: Starting Minecraft server on *:25565
[20:21:55] [Server thread/INFO]: Using default channel type
[20:47:05] [Server thread/INFO]: Preparing level "Meow"
[20:47:28] [Server thread/INFO]: Preparing start region for level 0
[20:47:31] [Server thread/INFO]: Preparing spawn area: 3%
[20:47:44] [Server thread/INFO]: Preparing spawn area: 4%
[20:49:29] [Server thread/WARN]: Couldn't set damage of loot item 1xitem.darkutils.mystery.potion@0
[20:49:29] [Server thread/WARN]: Couldn't set damage of loot item 1xitem.darkutils.mystery.potion@0
[20:51:17] [Server thread/WARN]: Skipping BlockEntity with id flower_pot
[20:51:25] [Server thread/WARN]: Skipping BlockEntity with id flower_pot
[20:51:48] [Server thread/WARN]: Skipping BlockEntity with id flower_pot
[20:54:11] [Server thread/WARN]: Couldn't set damage of loot item 1xitem.darkutils.mystery.potion@0
[20:54:21] [Server thread/WARN]: Couldn't set damage of loot item 1xitem.darkutils.mystery.potion@0
[20:56:25] [Server thread/WARN]: Couldn't set damage of loot item 1xitem.darkutils.mystery.potion@0
[20:56:44] [Server thread/WARN]: Tried to over-fill a container
[20:57:15] [Server thread/WARN]: Couldn't set damage of loot item 1xitem.darkutils.mystery.potion@0
[21:03:15] [Server thread/WARN]: Couldn't set damage of loot item 1xitem.darkutils.mystery.potion@0
[21:03:15] [Server thread/WARN]: Couldn't set damage of loot item 1xitem.darkutils.mystery.potion@0
[21:03:15] [Server thread/WARN]: Couldn't set damage of loot item 1xitem.darkutils.mystery.potion@0
[21:03:15] [Server thread/WARN]: Couldn't set damage of loot item 1xitem.darkutils.mystery.potion@0
[21:04:50] [Server thread/WARN]: Couldn't set damage of loot item 1xitem.darkutils.mystery.potion@0
[21:07:20] [Server thread/WARN]: Tried to over-fill a container
[21:07:23] [Server thread/WARN]: Couldn't set damage of loot item 1xitem.darkutils.mystery.potion@0
[21:11:10] [Server thread/WARN]: Couldn't set damage of loot item 1xitem.darkutils.mystery.potion@0
[21:12:43] [Server thread/WARN]: Couldn't set damage of loot item 1xitem.darkutils.mystery.potion@0
[21:12:43] [Server thread/WARN]: Couldn't set damage of loot item 1xitem.darkutils.mystery.potion@0
[21:12:43] [Server thread/WARN]: Couldn't set damage of loot item 1xitem.darkutils.mystery.potion@0
[21:12:43] [Server thread/WARN]: Couldn't set damage of loot item 1xitem.darkutils.mystery.potion@0
[21:13:24] [Server thread/WARN]: Couldn't set damage of loot item 1xitem.darkutils.mystery.potion@0
[21:17:49] [Server thread/WARN]: Tried to over-fill a container
[21:20:44] [Server thread/WARN]: Couldn't set damage of loot item 1xitem.darkutils.mystery.potion@0
[21:20:44] [Server thread/WARN]: Couldn't set damage of loot item 1xitem.darkutils.mystery.potion@0
[21:20:44] [Server thread/WARN]: Couldn't set damage of loot item 1xitem.darkutils.mystery.potion@0
[21:20:44] [Server thread/WARN]: Couldn't set damage of loot item 1xitem.darkutils.mystery.potion@0
[21:25:32] [Server thread/WARN]: Couldn't set damage of loot item 1xitem.darkutils.mystery.potion@0
[21:25:32] [Server thread/WARN]: Couldn't set damage of loot item 1xitem.darkutils.mystery.potion@0
[21:25:32] [Server thread/WARN]: Couldn't set damage of loot item 1xitem.darkutils.mystery.potion@0
[21:25:32] [Server thread/WARN]: Couldn't set damage of loot item 1xitem.darkutils.mystery.potion@0
[21:26:38] [Server thread/WARN]: Couldn't set damage of loot item 1xitem.darkutils.mystery.potion@0
[21:26:38] [Server thread/WARN]: Couldn't set damage of loot item 1xitem.darkutils.mystery.potion@0
[21:27:19] [Server thread/WARN]: Couldn't set damage of loot item 1xitem.darkutils.mystery.potion@0
[21:27:19] [Server thread/WARN]: Couldn't set damage of loot item 1xitem.darkutils.mystery.potion@0
[21:32:32] [Server thread/WARN]: Couldn't set damage of loot item 1xitem.darkutils.mystery.potion@0
[21:39:13] [Server thread/WARN]: Couldn't set damage of loot item 1xitem.darkutils.mystery.potion@0
[21:41:01] [Server thread/WARN]: Tried to over-fill a container
